<?xml version="1.0" encoding="UTF-8"?>
<testng-results ignored="0" total="1" passed="1" failed="0" skipped="0">
  <reporter-output>
  </reporter-output>
  <suite started-at="2024-11-17T12:23:54 IST" name=" Master Suite" finished-at="2024-11-17T12:24:04 IST" duration-ms="9171">
    <groups>
    </groups>
    <test started-at="2024-11-17T12:23:54 IST" name="Test" finished-at="2024-11-17T12:24:04 IST" duration-ms="9171">
      <class name="testCases.TC001_AccountRegistrationTest">
        <test-method is-config="true" signature="setup(java.lang.String)[pri:0, instance:testCases.TC001_AccountRegistrationTest@613a8ee1]" started-at="2024-11-17T12:23:55 IST" name="setup" finished-at="2024-11-17T12:23:59 IST" duration-ms="4262" status="PASS">
          <params>
            <param index="0">
              <value>
                <![CDATA[chrome]]>
              </value>
            </param>
          </params>
          <reporter-output>
          </reporter-output>
        </test-method> <!-- setup -->
        <test-method signature="verify_account_registration()[pri:0, instance:testCases.TC001_AccountRegistrationTest@613a8ee1]" started-at="2024-11-17T12:23:59 IST" name="verify_account_registration" finished-at="2024-11-17T12:24:04 IST" duration-ms="4691" status="PASS">
          <reporter-output>
          </reporter-output>
        </test-method> <!-- verify_account_registration -->
        <test-method is-config="true" signature="tearDown()[pri:0, instance:testCases.TC001_AccountRegistrationTest@613a8ee1]" started-at="2024-11-17T12:24:04 IST" name="tearDown" finished-at="2024-11-17T12:24:04 IST" duration-ms="0" status="PASS">
          <reporter-output>
          </reporter-output>
        </test-method> <!-- tearDown -->
      </class> <!-- testCases.TC001_AccountRegistrationTest -->
    </test> <!-- Test -->
  </suite> <!--  Master Suite -->
</testng-results>
